<?xml version="1.0" encoding="utf-8"?><testsuites name="pytest tests"><testsuite name="pytest" errors="0" failures="0" skipped="0" tests="160" time="6.020" timestamp="2026-07-30T01:10:39.795738-04:00" hostname="Sam"><testcase classname="tests.test_abi_artifacts" name="test_module_state_sha256_is_stable_and_weight_sensitive" time="0.001" /><testcase classname="tests.test_abi_artifacts" name="test_abi_artifact_verifies_frozen_core_but_allows_domain_ln_change" time="0.000" /><testcase classname="tests.test_abi_artifacts" name="test_compatibility_certificate_keeps_source_preservation_as_open_gate" time="0.000" /><testcase classname="tests.test_abi_artifacts" name="test_compatibility_certificate_marks_source_preservation_when_measured" time="0.000" /><testcase classname="tests.test_abi_artifacts" name="test_compatibility_certificate_marks_selective_transfer_when_measured" time="0.000" /><testcase classname="tests.test_abi_artifacts" name="test_compatibility_certificate_marks_oracle_light_scope" time="0.000" /><testcase classname="tests.test_abi_artifacts" name="test_cost_ledger_counts_all_declared_phases" time="0.000" /><testcase classname="tests.test_abi_artifacts" name="test_param_count_helper_matches_torch_module" time="0.001" /><testcase classname="tests.test_abi_artifacts" name="test_generic_runner_emits_artifact_certificate_and_cost_schema" time="0.002" /><testcase classname="tests.test_abi_moonshot" name="test_protocol_is_honestly_open_and_locks_scientific_depth" time="0.001" /><testcase classname="tests.test_abi_moonshot" name="test_development_catalog_covers_locked_english_scope_but_is_not_promotional" time="0.001" /><testcase classname="tests.test_abi_moonshot" name="test_certification_catalog_has_locked_disjoint_depth_for_every_capability" time="0.298" /><testcase classname="tests.test_abi_moonshot" name="test_real_qwen_artifacts_match_protocol_and_selected_domains_are_absent" time="0.012" /><testcase classname="tests.test_abi_moonshot" name="test_automatic_budgets_start_with_complete_capability_coverage" time="0.001" /><testcase classname="tests.test_adoption_case" name="test_adoption_case_is_generated_from_measured_artifacts" time="0.015" /><testcase classname="tests.test_adoption_case" name="test_adoption_case_quantifies_compute_and_accuracy_cost" time="0.019" /><testcase classname="tests.test_adoption_case" name="test_adoption_case_keeps_open_gates_explicit" time="0.016" /><testcase classname="tests.test_architecture_review" name="test_architecture_review_preserves_claim_boundary" time="0.001" /><testcase classname="tests.test_architecture_review" name="test_architecture_review_names_current_structural_blockers" time="0.001" /><testcase classname="tests.test_architecture_review" name="test_architecture_review_blocks_lateral_experiments" time="0.001" /><testcase classname="tests.test_capability_pipeline" name="test_source_manifest_is_content_addressed_and_rejects_unsafe_weights" time="0.001" /><testcase classname="tests.test_capability_pipeline" name="test_inventory_is_probe_bounded_and_unverified_selection_fails_closed" time="0.004" /><testcase classname="tests.test_capability_pipeline" name="test_final_test_cannot_qualify_inventory_or_enter_training_artifact" time="0.009" /><testcase classname="tests.test_capability_pipeline" name="test_user_can_select_english_and_domain_from_different_sources" time="0.003" /><testcase classname="tests.test_capability_pipeline" name="test_nested_budgets_are_deterministic_stratified_and_nested" time="0.003" /><testcase classname="tests.test_capability_pipeline" name="test_bundle_is_deterministic_schema_closed_and_tamper_evident" time="0.086" /><testcase classname="tests.test_capability_pipeline" name="test_retention_certificate_separates_exact_bytes_from_bounded_semantics" time="0.000" /><testcase classname="tests.test_domain_package_certification" name="test_package_protocol_requires_exact_three_seed_receiver_contract" time="0.004" /><testcase classname="tests.test_domain_package_certification" name="test_package_protocol_rejects_duplicate_domains" time="0.003" /><testcase classname="tests.test_formal_transfer_theorem" name="test_formal_transfer_theorem_states_impossibility_and_conditional_result" time="0.001" /><testcase classname="tests.test_formal_transfer_theorem" name="test_formal_transfer_theorem_names_all_certificate_assumptions" time="0.000" /><testcase classname="tests.test_formal_transfer_theorem" name="test_formal_transfer_theorem_defines_next_generation_certificate" time="0.000" /><testcase classname="tests.test_formal_transfer_theorem" name="test_release_docs_link_formal_theorem_without_overclaiming" time="0.000" /><testcase classname="tests.test_hf_extraction" name="test_schema_closed_output_evaluators" time="0.001" /><testcase classname="tests.test_hf_extraction" name="test_probe_catalog_rejects_duplicate_ids_and_domain_leakage" time="0.004" /><testcase classname="tests.test_hf_extraction" name="test_probe_run_binds_rendered_prompt_runtime_token_count_and_result" time="0.001" /><testcase classname="tests.test_layercake_acquisition" name="test_record_is_content_addressed_and_enforces_destination_boundary" time="0.001" /><testcase classname="tests.test_layercake_acquisition" name="test_ledger_counts_text_weights_and_every_nontext_transfer_channel" time="0.000" /><testcase classname="tests.test_layercake_acquisition" name="test_ledger_rejects_duplicate_records_and_unexplained_external_hardware" time="0.001" /><testcase classname="tests.test_layercake_acquisition" name="test_budget_selector_uses_nested_validation_records_and_reports_lower_failure" time="0.000" /><testcase classname="tests.test_layercake_acquisition" name="test_budget_selector_rejects_test_selection_and_non_nested_budgets" time="0.000" /><testcase classname="tests.test_layercake_acquisition" name="test_deployment_manifest_must_exclude_teacher_and_keep_layercake_abi" time="0.000" /><testcase classname="tests.test_layercake_domains" name="test_python_copy_lexeme_uses_declared_function_identity" time="0.000" /><testcase classname="tests.test_layercake_domains" name="test_generic_copy_lexeme_is_exact_and_deterministic" time="0.000" /><testcase classname="tests.test_layercake_domains" name="test_prompt_only_pointer_sentinel_does_not_change_source_answer" time="0.000" /><testcase classname="tests.test_layercake_domains" name="test_copy_lexeme_fails_closed_without_any_unique_source_lexeme" time="0.000" /><testcase classname="tests.test_layercake_domains" name="test_deterministic_math_closure_is_exact_and_teacher_free" time="0.001" /><testcase classname="tests.test_layercake_domains" name="test_sampler_crosses_epoch_boundaries_without_dropping_tail" time="0.001" /><testcase classname="tests.test_layercake_domains" name="test_sampler_rejects_empty_rows_and_nonpositive_batch" time="0.001" /><testcase classname="tests.test_layercake_final_test" name="test_final_protocol_is_complete_and_preregistered" time="0.015" /><testcase classname="tests.test_layercake_host" name="test_source_chat_templates_are_removed_without_retaining_source_tokens" time="0.001" /><testcase classname="tests.test_layercake_host" name="test_v5_rewriting_symbolic_handler_preserves_every_declared_fact" time="0.001" /><testcase classname="tests.test_layercake_host" name="test_every_locked_english_capability_has_a_physical_host_route" time="0.001" /><testcase classname="tests.test_layercake_host" name="test_prompt_identity_loss_is_sparse_finite_and_trainable" time="0.017" /><testcase classname="tests.test_layercake_host" name="test_no_repeat_ngram_policy_masks_only_the_repeated_continuation" time="0.001" /><testcase classname="tests.test_layercake_host" name="test_sparse_route_bridge_physically_calls_only_selected_routes" time="0.002" /><testcase classname="tests.test_layercake_host" name="test_prompt_overlap_loss_remains_finite_without_runtime_copying" time="0.001" /><testcase classname="tests.test_layercake_host" name="test_scheduled_sampling_keeps_teacher_targets_for_generated_prefix" time="0.000" /><testcase classname="tests.test_layercake_host" name="test_symbolic_surface_is_compact_teacher_free_and_schema_bounded" time="0.002" /><testcase classname="tests.test_layercake_host_reproduction" name="test_aggregate_host_reproduction_passes_three_identical_initializations" time="0.028" /><testcase classname="tests.test_layercake_host_reproduction" name="test_aggregate_host_reproduction_rejects_divergent_observations" time="0.009" /><testcase classname="tests.test_layercake_host_runtime" name="test_native_evidence_hash_is_canonical_and_order_independent" time="0.000" /><testcase classname="tests.test_layercake_host_runtime" name="test_native_runtime_error_is_fail_closed" time="0.001" /><testcase classname="tests.test_layercake_host_runtime" name="test_lightweight_v5_rewriting_matches_training_runtime" time="0.000" /><testcase classname="tests.test_layercake_host_runtime" name="test_native_quality_detects_repetition_without_token_heuristics" time="0.000" /><testcase classname="tests.test_layercake_host_runtime" name="test_paired_prompt_bootstrap_is_deterministic" time="0.008" /><testcase classname="tests.test_layercake_host_runtime" name="test_native_decoding_blocks_only_repeated_ngram_continuations" time="0.000" /><testcase classname="tests.test_layercake_host_runtime" name="test_indexed_greedy_selection_matches_copy_reference_and_restores_logits" time="0.040" /><testcase classname="tests.test_layercake_host_runtime" name="test_embedding_quantization_uses_independent_token_row_scales" time="0.000" /><testcase classname="tests.test_layercake_host_runtime" name="test_native_semantic_summary_requires_depth_quality_and_routing" time="0.002" /><testcase classname="tests.test_layercake_host_runtime" name="test_lightweight_symbolic_runtime_matches_training_implementation" time="0.000" /><testcase classname="tests.test_layercake_host_runtime" name="test_exact_supplied_text_handler_is_strict_and_teacher_free" time="0.000" /><testcase classname="tests.test_layercake_hostile_reproduction" name="test_rejection_records_expected_failure" time="0.000" /><testcase classname="tests.test_layercake_hostile_reproduction" name="test_rejection_fails_when_attack_is_accepted" time="0.000" /><testcase classname="tests.test_layercake_product_host" name="test_lightweight_package_verifier_accepts_certified_package" time="0.004" /><testcase classname="tests.test_layercake_product_host" name="test_lightweight_package_verifier_rejects_tampering" time="0.039" /><testcase classname="tests.test_layercake_product_host" name="test_lightweight_package_verifier_rejects_wrong_key" time="0.003" /><testcase classname="tests.test_layercake_product_host_certification" name="test_claimed_hash_rejects_changed_evidence" time="0.001" /><testcase classname="tests.test_layercake_product_host_certification" name="test_combined_protocol_is_json_and_preregistered" time="0.001" /><testcase classname="tests.test_model_agnostic_followups" name="test_deepseek_d256_baseline_records_top5_failure" time="0.001" /><testcase classname="tests.test_model_agnostic_followups" name="test_qwen_strict_locked_corpus_followup_passes" time="0.001" /><testcase classname="tests.test_model_agnostic_followups" name="test_deepseek_strict_locked_corpus_followup_passes" time="0.001" /><testcase classname="tests.test_model_agnostic_followups" name="test_deepseek_width_without_depth_still_fails_top5" time="0.001" /><testcase classname="tests.test_model_agnostic_followups" name="test_deepseek_depth_without_width_still_fails_top5" time="0.000" /><testcase classname="tests.test_model_agnostic_followups" name="test_pythia_strict_low_capacity_followup_fails_top5" time="0.000" /><testcase classname="tests.test_model_agnostic_followups" name="test_pythia_strict_full_width_followup_still_fails_top5" time="0.000" /><testcase classname="tests.test_model_agnostic_followups" name="test_pythia_train_domain_diagnostic_passes" time="0.000" /><testcase classname="tests.test_model_agnostic_followups" name="test_pythia_same_model_strict_followup_passes" time="0.000" /><testcase classname="tests.test_model_agnostic_followups" name="test_pythia_larger_to_smaller_strict_followup_passes" time="0.000" /><testcase classname="tests.test_model_agnostic_followups" name="test_pythia_smaller_to_larger_topk_strict_followup_passes" time="0.000" /><testcase classname="tests.test_model_agnostic_followups" name="test_phi3_cross_family_topk_strict_followup_passes" time="0.000" /><testcase classname="tests.test_model_agnostic_followups" name="test_phi3_cross_family_shifted_seed_repeat_passes" time="0.001" /><testcase classname="tests.test_model_agnostic_followups" name="test_qwen2_to_phi3_topk_strict_followup_passes" time="0.001" /><testcase classname="tests.test_model_agnostic_followups" name="test_phi3_to_qwen2_topk_strict_followup_passes" time="0.001" /><testcase classname="tests.test_model_agnostic_followups" name="test_deepseek_to_pythia_topk_strict_followup_passes" time="0.001" /><testcase classname="tests.test_model_agnostic_followups" name="test_pythia_to_deepseek_topk_strict_followup_still_fails_top5" time="0.000" /><testcase classname="tests.test_model_agnostic_followups" name="test_pythia_to_deepseek_best_bridge_repair_still_fails_top5" time="0.001" /><testcase classname="tests.test_model_agnostic_followups" name="test_pythia_to_deepseek_train_domain_diagnostic_still_fails_top5" time="0.001" /><testcase classname="tests.test_model_agnostic_followups" name="test_pythia_to_deepseek_topset_bridge_repair_seed42_passes" time="0.001" /><testcase classname="tests.test_model_agnostic_followups" name="test_pythia_to_deepseek_topset_bridge_repair_shifted_seed_passes" time="0.000" /><testcase classname="tests.test_model_agnostic_followups" name="test_pythia_to_deepseek_top_logit_mse_ablation_fails_top5" time="0.000" /><testcase classname="tests.test_model_agnostic_followups" name="test_pythia_to_deepseek_longer_calibration_improves_hard_direction" time="0.001" /><testcase classname="tests.test_model_agnostic_followups" name="test_pythia_to_deepseek_wider_abi_ablation_fails_top5" time="0.000" /><testcase classname="tests.test_model_agnostic_followups" name="test_gptneo_to_qwen25_topset_bridge_certification_passes" time="0.001" /><testcase classname="tests.test_model_agnostic_followups" name="test_qwen25_to_gptneo_topset_bridge_certification_passes" time="0.000" /><testcase classname="tests.test_model_agnostic_followups" name="test_gptneo_to_phi3_topset_bridge_certification_passes" time="0.000" /><testcase classname="tests.test_model_agnostic_followups" name="test_phi3_to_gptneo_topset_bridge_certification_passes" time="0.000" /><testcase classname="tests.test_moonshot_release" name="test_release_certificate_versions_are_explicit" time="0.000" /><testcase classname="tests.test_moonshot_release" name="test_claim_hash_fails_closed_after_tampering" time="0.000" /><testcase classname="tests.test_moonshot_release" name="test_release_paths_cannot_escape_root" time="0.002" /><testcase classname="tests.test_nib_result.TestResultFileExists" name="test_result_file_present" time="0.000" /><testcase classname="tests.test_nib_result.TestResultFileExists" name="test_result_file_is_valid_json" time="0.000" /><testcase classname="tests.test_nib_result.TestNIBThresholds" name="test_top5_passes_threshold" time="0.001" /><testcase classname="tests.test_nib_result.TestNIBThresholds" name="test_top1_passes_threshold" time="0.001" /><testcase classname="tests.test_nib_result.TestNIBThresholds" name="test_js_passes_threshold" time="0.001" /><testcase classname="tests.test_nib_result.TestNIBThresholds" name="test_ent_passes_threshold" time="0.001" /><testcase classname="tests.test_nib_result.TestPublishedValues" name="test_top5_matches_published" time="0.001" /><testcase classname="tests.test_nib_result.TestPublishedValues" name="test_top1_matches_published" time="0.000" /><testcase classname="tests.test_nib_result.TestPublishedValues" name="test_js_matches_published" time="0.001" /><testcase classname="tests.test_nib_result.TestPublishedValues" name="test_ent_matches_published" time="0.001" /><testcase classname="tests.test_north_star_run_scripts" name="test_oraclelight_preservation_run_script_targets_north_star_gate" time="0.000" /><testcase classname="tests.test_north_star_run_scripts" name="test_qwen_phi_oraclelight_repeat_scripts_target_second_recipe" time="0.001" /><testcase classname="tests.test_north_star_run_scripts" name="test_pythia_deepseek_oraclelight_scripts_target_hard_pair" time="0.001" /><testcase classname="tests.test_north_star_run_scripts" name="test_flagship_gpt_style_scripts_encode_positive_and_negative_controls" time="0.001" /><testcase classname="tests.test_north_star_run_scripts" name="test_tuned_flagship_gpt_style_scripts_encode_completion_preservation_recipe" time="0.001" /><testcase classname="tests.test_north_star_run_scripts" name="test_tuned_flagship_gpt_style_scripts_encode_production_boundary_controls" time="0.000" /><testcase classname="tests.test_north_star_run_scripts" name="test_zeroout_flagship_scripts_target_native_init_replacement" time="0.001" /><testcase classname="tests.test_north_star_run_scripts" name="test_flagship_cache_scripts_encode_reusable_target_interface_prefit" time="0.000" /><testcase classname="tests.test_north_star_run_scripts" name="test_flagship_cache_source_completion_loss_scripts_encode_repeat_recipe" time="0.001" /><testcase classname="tests.test_north_star_run_scripts" name="test_zeroout_source_completion_loss_script_keeps_nonnative_control_scope" time="0.001" /><testcase classname="tests.test_north_star_run_scripts" name="test_zeroout_ema_source_completion_loss_scripts_encode_repeat_recipe" time="0.001" /><testcase classname="tests.test_north_star_run_scripts" name="test_basebypass_zeroout_ema_source_completion_loss_scripts_encode_repeat_recipe" time="0.001" /><testcase classname="tests.test_north_star_run_scripts" name="test_basebypass_balanced_posthoc_scripts_keep_scale_selection_nonfixed" time="0.001" /><testcase classname="tests.test_north_star_run_scripts" name="test_phi3_margin_source_completion_scripts_target_surface_repair_repeat" time="0.001" /><testcase classname="tests.test_north_star_run_scripts" name="test_phi3_wikitext_margin_scripts_keep_split_separation" time="0.001" /><testcase classname="tests.test_north_star_run_scripts" name="test_phi3_wikitext_stronger_source_completion_repair_scripts_repeat" time="0.001" /><testcase classname="tests.test_north_star_run_scripts" name="test_basebypass_balanced_posthoc_wikitext_scripts_are_split_separated" time="0.001" /><testcase classname="tests.test_north_star_run_scripts" name="test_basebypass_entropy_regularized_wikitext_scripts_target_strict_entropy_repeat" time="0.001" /><testcase classname="tests.test_north_star_run_scripts" name="test_gpt2med_qwen_basebypass_scripts_target_second_pair_breadth" time="0.001" /><testcase classname="tests.test_north_star_run_scripts" name="test_gpt2med_qwen_entropy_regularized_basebypass_scripts_target_strict_entropy" time="0.001" /><testcase classname="tests.test_north_star_run_scripts" name="test_gpt2med_qwen_stronger_entropy_basebypass_scripts_target_repeat" time="0.001" /><testcase classname="tests.test_north_star_run_scripts" name="test_gpt2med_qwen_margin_source_completion_scripts_are_separate_recipe" time="0.001" /><testcase classname="tests.test_north_star_run_scripts" name="test_gpt2med_qwen_margin_entropy015_scripts_target_strict_repeat" time="0.001" /><testcase classname="tests.test_north_star_run_scripts" name="test_gptneo_qwen_margin_entropy015_scripts_target_donor_family_breadth" time="0.001" /><testcase classname="tests.test_north_star_run_scripts" name="test_gptneo_qwen_nll_surface_scripts_target_full_vocab_repair" time="0.001" /><testcase classname="tests.test_north_star_run_scripts" name="test_phi3_qwen_nll_surface_scripts_target_modern_donor_repair" time="0.001" /><testcase classname="tests.test_north_star_run_scripts" name="test_phi3_qwen_stronger_nll_surface_scripts_target_completion_repair" time="0.001" /><testcase classname="tests.test_north_star_run_scripts" name="test_qwen_phi3_basebypass_nll_surface_scripts_target_reverse_modern_pair" time="0.001" /><testcase classname="tests.test_north_star_run_scripts" name="test_pythia_deepseek_basebypass_nll_surface_scripts_target_hard_coder_recipient" time="0.001" /><testcase classname="tests.test_north_star_run_scripts" name="test_selective_transfer_scripts_add_off_domain_no_leakage_audit" time="0.001" /><testcase classname="tests.test_package" name="test_abi_package_importable" time="0.000" /><testcase classname="tests.test_package" name="test_abi_has_expected_submodules" time="3.453" /><testcase classname="tests.test_proof_layers" name="test_proof_layers_summary_is_generated_from_current_artifacts" time="0.016" /><testcase classname="tests.test_proof_layers" name="test_savings_layer_measures_small_target_side_calibration_fraction" time="0.013" /><testcase classname="tests.test_proof_layers" name="test_base_bypass_recipe_key_tracks_source_completion_margin" time="0.001" /><testcase classname="tests.test_proof_layers" name="test_accuracy_frontier_records_repeatable_hard_direction_progress" time="0.014" /><testcase classname="tests.test_proof_layers" name="test_domain_breadth_records_wikitext_gap_and_posthoc_repair" time="0.014" /><testcase classname="tests.test_proof_layers" name="test_matched_lora_baseline_is_recorded" time="0.014" /><testcase classname="tests.test_proof_layers" name="test_abi_frontier_beats_heldout_lora_once_and_tracks_repeat_limit" time="0.015" /><testcase classname="tests.test_proof_layers" name="test_withheld_wikitext_certificate_is_split_separated" time="0.014" /></testsuite></testsuites>